<?xml version="1.0" encoding="UTF-8"?>
<!-- Generated by org.testng.reporters.JUnitReportReporter -->
<testsuite hostname="DESKTOP-26C0NPL" failures="0" tests="1" name="package2.BrowserStackCode" time="34.382" errors="0" timestamp="2025-02-03T15:50:34 IST" skipped="0">
  <testcase classname="package2.BrowserStackCode" name="sampleTest" time="34.382"/>
</testsuite> <!-- package2.BrowserStackCode -->
