<?xml version="1.0" encoding="UTF-8"?>
<!-- Generated by org.testng.reporters.JUnitReportReporter -->
<testsuite hostname="DESKTOP-26C0NPL" failures="0" tests="1" name="grid.SampleTest" time="7.468" errors="0" timestamp="2025-01-30T17:18:40 IST" skipped="0">
  <testcase classname="grid.SampleTest" name="sampleTest" time="7.468"/>
</testsuite> <!-- grid.SampleTest -->
